New log file opened at Mon May 25 17:43:51 EDT 2015 by 733@JIALUNs-MacBook-Pro.local
Taking next connection to: 50415
New client attempting to connect on port: 50416-50415
  Address = /192.168.1.103:50415
This client on port 50416 has uuid ae682ef4-edca-4c56-a73f-1e3efdb00ac4 configName activator humanReadableName Activator protocolVersion 1 featureTags Vector()
Connected Clients: activator-ae682ef4-edca-4c56-a73f-1e3efdb00ac4
Taking next connection to: 50415
New client attempting to connect on port: 50417-50415
  Address = /192.168.1.103:50415
Handshake exception on socket: 50417
sbt.impl.ipc.HandshakeException: Unable to perform handshake
	at sbt.impl.ipc.Peer.handshake(IPC.scala:46)
	at sbt.impl.ipc.MultiClientServer.<init>(IPC.scala:150)
	at sbt.server.SbtServerSocketHandler$$anon$1.run(SbtServerSocketHandler.scala:43)
Caused by: java.io.EOFException
	at java.io.DataInputStream.readInt(DataInputStream.java:392)
	at sbt.impl.ipc.Peer.receive(IPC.scala:95)
	at sbt.impl.ipc.Peer.handshake(IPC.scala:49)
	... 2 more
Taking next connection to: 50415
New client attempting to connect on port: 50418-50415
  Address = /192.168.1.103:50415
This client on port 50418 has uuid 0002b71e-2287-4b0c-b3e2-e164531c80f8 configName activator humanReadableName Activator protocolVersion 1 featureTags Vector()
Connected Clients: activator-ae682ef4-edca-4c56-a73f-1e3efdb00ac4, activator-0002b71e-2287-4b0c-b3e2-e164531c80f8
Taking next connection to: 50415
Checking to see if clients are empty...
We have 1 non-daemon clients, continuing serving connections.
Taking next connection to: 50415
Checking to see if clients are empty...
We have 1 non-daemon clients, continuing serving connections.
Taking next connection to: 50415
Checking to see if clients are empty...
We have 1 non-daemon clients, continuing serving connections.
Taking next connection to: 50415
